/*C16*/SET SCHEMA PUBLIC
INSERT INTO AUTOR VALUES(24,'Antonio Rogerio Pinheiro')
COMMIT
DISCONNECT
/*C17*/SET SCHEMA PUBLIC
DELETE FROM AUTOR WHERE ID=24
COMMIT
INSERT INTO AUTOR VALUES(25,'Antonio Rogerio Pinheiro')
COMMIT
DISCONNECT
/*C18*/SET SCHEMA PUBLIC
DELETE FROM AUTOR WHERE ID=25
COMMIT
INSERT INTO AUTOR VALUES(26,'eu mesmo')
COMMIT
DISCONNECT
/*C19*/SET SCHEMA PUBLIC
INSERT INTO AUTOR VALUES(27,'Antonio Rogerio Pinheiro')
COMMIT
/*C20*/SET SCHEMA PUBLIC
INSERT INTO LIVRO VALUES(32,'2016-06-27','111-1-11-111111-1',1.4E0,'Maria vai com as outras')
INSERT INTO LIVRO_AUTOR VALUES(32,22)
COMMIT
INSERT INTO AUTOR VALUES(28,'Zezinho')
COMMIT
/*C21*/SET SCHEMA PUBLIC
DELETE FROM AUTOR WHERE ID=28
INSERT INTO AUTOR VALUES(28,'Zezinho das chupetas')
COMMIT
DISCONNECT
/*C22*/SET SCHEMA PUBLIC
DISCONNECT
/*C19*/DISCONNECT
/*C20*/DISCONNECT
/*C23*/SET SCHEMA PUBLIC
\u000a    alter table Autor \u000a        add column email varchar(255)
DELETE FROM AUTOR WHERE ID=28
INSERT INTO AUTOR VALUES(28,'Zezinho das chupetas','zezinho@gmail.com')
COMMIT
DISCONNECT
/*C24*/SET SCHEMA PUBLIC
DELETE FROM AUTOR WHERE ID=28
INSERT INTO AUTOR VALUES(28,'Zezinho das chupetas','zezito@gmail.com')
COMMIT
DISCONNECT
/*C25*/SET SCHEMA PUBLIC
DISCONNECT
/*C27*/SET SCHEMA PUBLIC
DISCONNECT
/*C28*/SET SCHEMA PUBLIC
DISCONNECT
/*C29*/SET SCHEMA PUBLIC
DISCONNECT
/*C26*/SET SCHEMA PUBLIC
DISCONNECT
